#
# A fatal error has been detected by the Java Runtime Environment:
#
#  EXCEPTION_ACCESS_VIOLATION (0xc0000005) at pc=0x00007ffe812c7ef9, pid=18636, tid=13880
#
# JRE version: Java(TM) SE Runtime Environment (15.0.2+7) (build 15.0.2+7-27)
# Java VM: Java HotSpot(TM) 64-Bit Server VM (15.0.2+7-27, mixed mode, sharing, tiered, compressed oops, g1 gc, windows-amd64)
# Problematic frame:
# C  0x00007ffe812c7ef9
#
# No core dump will be written. Minidumps are not enabled by default on client versions of Windows
#
# If you would like to submit a bug report, please visit:
#   https://bugreport.java.com/bugreport/crash.jsp
# The crash happened outside the Java Virtual Machine in native code.
# See problematic frame for where to report the bug.
#

---------------  S U M M A R Y ------------

Command Line: -Dfile.encoding=Cp1252 slideshow.SlideshowPlayer

Host: AMD Ryzen 7 2700X Eight-Core Processor         , 16 cores, 15G,  Windows 10 , 64 bit Build 19041 (10.0.19041.804)
Time: Mon Apr  5 01:34:38 2021 Central Daylight Time elapsed time: 2.410491 seconds (0d 0h 0m 2s)

---------------  T H R E A D  ---------------

Current thread (0x000002b69e549b80):  JavaThread "main" [_thread_in_native, id=13880, stack(0x000000deb0300000,0x000000deb0400000)]

Stack: [0x000000deb0300000,0x000000deb0400000],  sp=0x000000deb03fe580,  free space=1017k
Native frames: (J=compiled Java code, j=interpreted, Vv=VM code, C=native code)
C  0x00007ffe812c7ef9

Java frames: (J=compiled Java code, j=interpreted, Vv=VM code)
j  sun.java2d.d3d.D3DSurfaceData.initOps(III)V+0 java.desktop@15.0.2
j  sun.java2d.d3d.D3DSurfaceData.<init>(Lsun/awt/windows/WComponentPeer;Lsun/java2d/d3d/D3DGraphicsConfig;IILjava/awt/Image;Ljava/awt/image/ColorModel;IILsun/java2d/pipe/hw/ExtendedBufferCapabilities$VSyncType;I)V+212 java.desktop@15.0.2
j  sun.java2d.d3d.D3DSurfaceData.createData(Lsun/java2d/d3d/D3DGraphicsConfig;IILjava/awt/image/ColorModel;Ljava/awt/Image;I)Lsun/java2d/d3d/D3DSurfaceData;+70 java.desktop@15.0.2
j  sun.java2d.d3d.D3DGraphicsConfig.createManagedSurface(III)Lsun/java2d/SurfaceData;+10 java.desktop@15.0.2
j  sun.java2d.d3d.D3DSurfaceDataProxy.validateSurfaceData(Lsun/java2d/SurfaceData;Lsun/java2d/SurfaceData;II)Lsun/java2d/SurfaceData;+22 java.desktop@15.0.2
j  sun.java2d.SurfaceDataProxy.replaceData(Lsun/java2d/SurfaceData;ILsun/java2d/loops/CompositeType;Ljava/awt/Color;)Lsun/java2d/SurfaceData;+191 java.desktop@15.0.2
j  sun.java2d.SurfaceData.getSourceSurfaceData(Ljava/awt/Image;ILsun/java2d/loops/CompositeType;Ljava/awt/Color;)Lsun/java2d/SurfaceData;+102 java.desktop@15.0.2
j  sun.java2d.pipe.DrawImage.renderImageCopy(Lsun/java2d/SunGraphics2D;Ljava/awt/Image;Ljava/awt/Color;IIIIII)Z+24 java.desktop@15.0.2
j  sun.java2d.pipe.DrawImage.copyImage(Lsun/java2d/SunGraphics2D;Ljava/awt/Image;IIIIIILjava/awt/Color;)Z+33 java.desktop@15.0.2
j  sun.java2d.pipe.DrawImage.copyImage(Lsun/java2d/SunGraphics2D;Ljava/awt/Image;IIIIIILjava/awt/Color;Ljava/awt/image/ImageObserver;)Z+23 java.desktop@15.0.2
j  sun.java2d.SunGraphics2D.copyImage(Ljava/awt/Image;IIIIIILjava/awt/Color;Ljava/awt/image/ImageObserver;)Z+20 java.desktop@15.0.2
j  sun.java2d.SunGraphics2D.drawImage(Ljava/awt/Image;IIIIIIIILjava/awt/Color;Ljava/awt/image/ImageObserver;)Z+191 java.desktop@15.0.2
j  sun.java2d.SunGraphics2D.drawImage(Ljava/awt/Image;IIIIIIIILjava/awt/image/ImageObserver;)Z+19 java.desktop@15.0.2
j  transitions.LRWipe.doTrans(Ljavax/swing/JLabel;Ljava/awt/Image;)V+63
j  slideshow.Slide.nextSlide(Ljavax/swing/JLabel;)V+9
j  slideshow.SlideshowPlayer.showSlide(IZ)Ljava/lang/Boolean;+47
j  slideshow.SlideshowPlayer.<init>()V+221
j  slideshow.SlideshowPlayer.getInstance()Lslideshow/SlideshowPlayer;+10
j  slideshow.SlideshowPlayer.main([Ljava/lang/String;)V+0
v  ~StubRoutines::call_stub

siginfo: EXCEPTION_ACCESS_VIOLATION (0xc0000005), data execution prevention violation at address 0x00007ffe812c7ef9


Register to memory mapping:

RIP=0x00007ffe812c7ef9 is an unknown value
RAX=0x0000000000000001 is an unknown value
RBX=0x000000000004062b is an unknown value
RCX=0x7fb65fff3d100000 is an unknown value
RDX=0x000002b69c4e3380 points into unknown readable memory: 0x000000000004062b | 2b 06 04 00 00 00 00 00
RSP=0x000000deb03fe580 is pointing into the stack for thread: 0x000002b69e549b80
RBP=0x000000000004062b is an unknown value
RSI=0x0 is NULL
RDI=0x000000deb03fe750 is pointing into the stack for thread: 0x000002b69e549b80
R8 =0x0 is NULL
R9 =0x000000deb03fe605 is pointing into the stack for thread: 0x000002b69e549b80
R10=0x00007ff5db420222 points into unknown readable memory: 00 01 02 03 04 05
R11=0x000000deb03fe618 is pointing into the stack for thread: 0x000002b69e549b80
R12=0x0 is NULL
R13=0x0 is NULL
R14=0x0 is NULL
R15=0x0 is NULL


Registers:
RAX=0x0000000000000001, RBX=0x000000000004062b, RCX=0x7fb65fff3d100000, RDX=0x000002b69c4e3380
RSP=0x000000deb03fe580, RBP=0x000000000004062b, RSI=0x0000000000000000, RDI=0x000000deb03fe750
R8 =0x0000000000000000, R9 =0x000000deb03fe605, R10=0x00007ff5db420222, R11=0x000000deb03fe618
R12=0x0000000000000000, R13=0x0000000000000000, R14=0x0000000000000000, R15=0x0000000000000000
RIP=0x00007ffe812c7ef9, EFLAGS=0x0000000000010206

Top of Stack: (sp=0x000000deb03fe580)
0x000000deb03fe580:   000002b69c2313c0 000002b6caeacf90
0x000000deb03fe590:   000000000004062b 000002b6c2a801d8
0x000000deb03fe5a0:   0000000000000028 0000078000000000
0x000000deb03fe5b0:   0000000000000438 0000078000000000
0x000000deb03fe5c0:   0000000100000410 0000000800000005
0x000000deb03fe5d0:   0000000000000048 0000078000000000
0x000000deb03fe5e0:   0000000000000438 0000078000000000
0x000000deb03fe5f0:   0000000100000410 505349445c2e5c5c
0x000000deb03fe600:   000002003359414c 0000000000000000
0x000000deb03fe610:   000002b69e549b80 000002b69e549ea8
0x000000deb03fe620:   00000606dc483537 00007ffe180cc6ce
0x000000deb03fe630:   0000000000000000 00007ffe8beb8968
0x000000deb03fe640:   000000deb03fe728 0000000000000000
0x000000deb03fe650:   000002b6c364e838 000000deb03fe6a8
0x000000deb03fe660:   000002b69e549b80 000000deb03fe6d8
0x000000deb03fe670:   000000deb03fe6f8 0000000000000000 

Instructions: (pc=0x00007ffe812c7ef9)
0x00007ffe812c7df9:   ?? ?? ?? ?? ?? ?? ?? ?? ?? ?? ?? ?? ?? ?? ?? ??
0x00007ffe812c7e09:   ?? ?? ?? ?? ?? ?? ?? ?? ?? ?? ?? ?? ?? ?? ?? ??
0x00007ffe812c7e19:   ?? ?? ?? ?? ?? ?? ?? ?? ?? ?? ?? ?? ?? ?? ?? ??
0x00007ffe812c7e29:   ?? ?? ?? ?? ?? ?? ?? ?? ?? ?? ?? ?? ?? ?? ?? ??
0x00007ffe812c7e39:   ?? ?? ?? ?? ?? ?? ?? ?? ?? ?? ?? ?? ?? ?? ?? ??
0x00007ffe812c7e49:   ?? ?? ?? ?? ?? ?? ?? ?? ?? ?? ?? ?? ?? ?? ?? ??
0x00007ffe812c7e59:   ?? ?? ?? ?? ?? ?? ?? ?? ?? ?? ?? ?? ?? ?? ?? ??
0x00007ffe812c7e69:   ?? ?? ?? ?? ?? ?? ?? ?? ?? ?? ?? ?? ?? ?? ?? ??
0x00007ffe812c7e79:   ?? ?? ?? ?? ?? ?? ?? ?? ?? ?? ?? ?? ?? ?? ?? ??
0x00007ffe812c7e89:   ?? ?? ?? ?? ?? ?? ?? ?? ?? ?? ?? ?? ?? ?? ?? ??
0x00007ffe812c7e99:   ?? ?? ?? ?? ?? ?? ?? ?? ?? ?? ?? ?? ?? ?? ?? ??
0x00007ffe812c7ea9:   ?? ?? ?? ?? ?? ?? ?? ?? ?? ?? ?? ?? ?? ?? ?? ??
0x00007ffe812c7eb9:   ?? ?? ?? ?? ?? ?? ?? ?? ?? ?? ?? ?? ?? ?? ?? ??
0x00007ffe812c7ec9:   ?? ?? ?? ?? ?? ?? ?? ?? ?? ?? ?? ?? ?? ?? ?? ??
0x00007ffe812c7ed9:   ?? ?? ?? ?? ?? ?? ?? ?? ?? ?? ?? ?? ?? ?? ?? ??
0x00007ffe812c7ee9:   ?? ?? ?? ?? ?? ?? ?? ?? ?? ?? ?? ?? ?? ?? ?? ??
0x00007ffe812c7ef9:   ?? ?? ?? ?? ?? ?? ?? ?? ?? ?? ?? ?? ?? ?? ?? ??
0x00007ffe812c7f09:   ?? ?? ?? ?? ?? ?? ?? ?? ?? ?? ?? ?? ?? ?? ?? ??
0x00007ffe812c7f19:   ?? ?? ?? ?? ?? ?? ?? ?? ?? ?? ?? ?? ?? ?? ?? ??
0x00007ffe812c7f29:   ?? ?? ?? ?? ?? ?? ?? ?? ?? ?? ?? ?? ?? ?? ?? ??
0x00007ffe812c7f39:   ?? ?? ?? ?? ?? ?? ?? ?? ?? ?? ?? ?? ?? ?? ?? ??
0x00007ffe812c7f49:   ?? ?? ?? ?? ?? ?? ?? ?? ?? ?? ?? ?? ?? ?? ?? ??
0x00007ffe812c7f59:   ?? ?? ?? ?? ?? ?? ?? ?? ?? ?? ?? ?? ?? ?? ?? ??
0x00007ffe812c7f69:   ?? ?? ?? ?? ?? ?? ?? ?? ?? ?? ?? ?? ?? ?? ?? ??
0x00007ffe812c7f79:   ?? ?? ?? ?? ?? ?? ?? ?? ?? ?? ?? ?? ?? ?? ?? ??
0x00007ffe812c7f89:   ?? ?? ?? ?? ?? ?? ?? ?? ?? ?? ?? ?? ?? ?? ?? ??
0x00007ffe812c7f99:   ?? ?? ?? ?? ?? ?? ?? ?? ?? ?? ?? ?? ?? ?? ?? ??
0x00007ffe812c7fa9:   ?? ?? ?? ?? ?? ?? ?? ?? ?? ?? ?? ?? ?? ?? ?? ??
0x00007ffe812c7fb9:   ?? ?? ?? ?? ?? ?? ?? ?? ?? ?? ?? ?? ?? ?? ?? ??
0x00007ffe812c7fc9:   ?? ?? ?? ?? ?? ?? ?? ?? ?? ?? ?? ?? ?? ?? ?? ??
0x00007ffe812c7fd9:   ?? ?? ?? ?? ?? ?? ?? ?? ?? ?? ?? ?? ?? ?? ?? ??
0x00007ffe812c7fe9:   ?? ?? ?? ?? ?? ?? ?? ?? ?? ?? ?? ?? ?? ?? ?? ?? 


Stack slot to memory mapping:
stack at sp + 0 slots: 0x000002b69c2313c0 points into unknown readable memory: 0x0000000000000000 | 00 00 00 00 00 00 00 00
stack at sp + 1 slots: 0x000002b6caeacf90 points into unknown readable memory: 0x00007ffe58a93470 | 70 34 a9 58 fe 7f 00 00
stack at sp + 2 slots: 0x000000000004062b is an unknown value
stack at sp + 3 slots: {method} {0x000002b6c2a801e0} 'addRecord' '(Ljava/lang/Object;JJ)V' in 'sun/java2d/Disposer'
stack at sp + 4 slots: 0x0000000000000028 is an unknown value
stack at sp + 5 slots: 0x0000078000000000 is an unknown value
stack at sp + 6 slots: 0x0000000000000438 is an unknown value
stack at sp + 7 slots: 0x0000078000000000 is an unknown value


---------------  P R O C E S S  ---------------

Threads class SMR info:
_java_thread_list=0x000002b6caaff830, length=17, elements={
0x000002b69e549b80, 0x000002b6c30304d0, 0x000002b6c3030eb0, 0x000002b6c304e520,
0x000002b6c3051e00, 0x000002b6c303e300, 0x000002b6c30579b0, 0x000002b6c3060780,
0x000002b6c30c5fa0, 0x000002b6c3185100, 0x000002b6c3191680, 0x000002b6c303a940,
0x000002b6c303c150, 0x000002b6c303caf0, 0x000002b6c303d960, 0x000002b6c303bc80,
0x000002b6c303b7b0
}

Java Threads: ( => current thread )
=>0x000002b69e549b80 JavaThread "main" [_thread_in_native, id=13880, stack(0x000000deb0300000,0x000000deb0400000)]
  0x000002b6c30304d0 JavaThread "Reference Handler" daemon [_thread_blocked, id=2236, stack(0x000000deb0a00000,0x000000deb0b00000)]
  0x000002b6c3030eb0 JavaThread "Finalizer" daemon [_thread_blocked, id=4220, stack(0x000000deb0b00000,0x000000deb0c00000)]
  0x000002b6c304e520 JavaThread "Signal Dispatcher" daemon [_thread_blocked, id=18712, stack(0x000000deb0c00000,0x000000deb0d00000)]
  0x000002b6c3051e00 JavaThread "Attach Listener" daemon [_thread_blocked, id=3808, stack(0x000000deb0d00000,0x000000deb0e00000)]
  0x000002b6c303e300 JavaThread "Service Thread" daemon [_thread_blocked, id=8056, stack(0x000000deb0e00000,0x000000deb0f00000)]
  0x000002b6c30579b0 JavaThread "C2 CompilerThread0" daemon [_thread_blocked, id=9276, stack(0x000000deb0f00000,0x000000deb1000000)]
  0x000002b6c3060780 JavaThread "C1 CompilerThread0" daemon [_thread_blocked, id=9436, stack(0x000000deb1000000,0x000000deb1100000)]
  0x000002b6c30c5fa0 JavaThread "Sweeper thread" daemon [_thread_blocked, id=17700, stack(0x000000deb1100000,0x000000deb1200000)]
  0x000002b6c3185100 JavaThread "C1 CompilerThread1" daemon [_thread_blocked, id=5452, stack(0x000000deb1200000,0x000000deb1300000)]
  0x000002b6c3191680 JavaThread "C1 CompilerThread2" daemon [_thread_blocked, id=13940, stack(0x000000deb1300000,0x000000deb1400000)]
  0x000002b6c303a940 JavaThread "Notification Thread" daemon [_thread_blocked, id=4832, stack(0x000000deb1400000,0x000000deb1500000)]
  0x000002b6c303c150 JavaThread "Common-Cleaner" daemon [_thread_blocked, id=6516, stack(0x000000deb1600000,0x000000deb1700000)]
  0x000002b6c303caf0 JavaThread "Java2D Disposer" daemon [_thread_blocked, id=1720, stack(0x000000deb1800000,0x000000deb1900000)]
  0x000002b6c303d960 JavaThread "AWT-Shutdown" [_thread_blocked, id=7044, stack(0x000000deb1900000,0x000000deb1a00000)]
  0x000002b6c303bc80 JavaThread "AWT-EventQueue-0" [_thread_blocked, id=3540, stack(0x000000deb1d00000,0x000000deb1e00000)]
  0x000002b6c303b7b0 JavaThread "ToolkitShutdown" daemon [_thread_in_native, id=9400, stack(0x000000deb1700000,0x000000deb1800000)]

Other Threads:
  0x000002b6c3030090 VMThread "VM Thread" [stack: 0x000000deb0900000,0x000000deb0a00000] [id=19432]
  0x000002b6c31c92a0 WatcherThread [stack: 0x000000deb1500000,0x000000deb1600000] [id=18248]
  0x000002b69e59be80 GCTaskThread "GC Thread#0" [stack: 0x000000deb0400000,0x000000deb0500000] [id=10304]
  0x000002b6c39f8590 GCTaskThread "GC Thread#1" [stack: 0x000000deb1e00000,0x000000deb1f00000] [id=12632]
  0x000002b6c39f8f20 GCTaskThread "GC Thread#2" [stack: 0x000000deb1f00000,0x000000deb2000000] [id=8484]
  0x000002b6c39f78d0 GCTaskThread "GC Thread#3" [stack: 0x000000deb2000000,0x000000deb2100000] [id=17052]
  0x000002b6c39fa570 GCTaskThread "GC Thread#4" [stack: 0x000000deb2100000,0x000000deb2200000] [id=11300]
  0x000002b6c39f88c0 GCTaskThread "GC Thread#5" [stack: 0x000000deb2200000,0x000000deb2300000] [id=19000]
  0x000002b69e5ad8c0 ConcurrentGCThread "G1 Main Marker" [stack: 0x000000deb0500000,0x000000deb0600000] [id=14908]
  0x000002b69e5af4c0 ConcurrentGCThread "G1 Conc#0" [stack: 0x000000deb0600000,0x000000deb0700000] [id=1412]
  0x000002b6c26a44e0 ConcurrentGCThread "G1 Refine#0" [stack: 0x000000deb0700000,0x000000deb0800000] [id=2468]
  0x000002b69e61ad90 ConcurrentGCThread "G1 Young RemSet Sampling" [stack: 0x000000deb0800000,0x000000deb0900000] [id=19120]

Threads with active compile tasks:

VM state: not at safepoint (normal execution)

VM Mutex/Monitor currently owned by a thread: None

Heap address: 0x0000000701000000, size: 4080 MB, Compressed Oops mode: Zero based, Oop shift amount: 3
CDS archive(s) mapped at: [0x0000000800000000-0x0000000800b50000-0x0000000800b50000), size 11862016, SharedBaseAddress: 0x0000000800000000, ArchiveRelocationMode: 0.
Compressed class space mapped at: 0x0000000800b50000-0x0000000840b50000, size: 1073741824
Narrow klass base: 0x0000000800000000, Narrow klass shift: 3, Narrow klass range: 0x100000000

GC Precious Log:
 CPUs: 16 total, 16 available
 Memory: 16316M
 Large Page Support: Disabled
 NUMA Support: Disabled
 Compressed Oops: Enabled (Zero based)
 Heap Region Size: 2M
 Heap Min Capacity: 8M
 Heap Initial Capacity: 256M
 Heap Max Capacity: 4080M
 Pre-touch: Disabled
 Parallel Workers: 13
 Concurrent Workers: 3
 Concurrent Refinement Workers: 13
 Periodic GC: Disabled

Heap:
 garbage-first heap   total 262144K, used 8471K [0x0000000701000000, 0x0000000800000000)
  region size 2048K, 4 young (8192K), 2 survivors (4096K)
 Metaspace       used 8331K, capacity 8493K, committed 8704K, reserved 1056768K
  class space    used 876K, capacity 925K, committed 1024K, reserved 1048576K

Heap Regions: E=young(eden), S=young(survivor), O=old, HS=humongous(starts), HC=humongous(continues), CS=collection set, F=free, OA=open archive, CA=closed archive, TAMS=top-at-mark-start (previous, next)
|   0|0x0000000701000000, 0x0000000701200000, 0x0000000701200000|100%| O|  |TAMS 0x0000000701000000, 0x0000000701000000| Untracked 
|   1|0x0000000701200000, 0x0000000701245c00, 0x0000000701400000| 13%| O|  |TAMS 0x0000000701200000, 0x0000000701200000| Untracked 
|   2|0x0000000701400000, 0x0000000701400000, 0x0000000701600000|  0%| F|  |TAMS 0x0000000701400000, 0x0000000701400000| Untracked 
|   3|0x0000000701600000, 0x0000000701600000, 0x0000000701800000|  0%| F|  |TAMS 0x0000000701600000, 0x0000000701600000| Untracked 
|   4|0x0000000701800000, 0x0000000701800000, 0x0000000701a00000|  0%| F|  |TAMS 0x0000000701800000, 0x0000000701800000| Untracked 
|   5|0x0000000701a00000, 0x0000000701a00000, 0x0000000701c00000|  0%| F|  |TAMS 0x0000000701a00000, 0x0000000701a00000| Untracked 
|   6|0x0000000701c00000, 0x0000000701c00000, 0x0000000701e00000|  0%| F|  |TAMS 0x0000000701c00000, 0x0000000701c00000| Untracked 
|   7|0x0000000701e00000, 0x0000000701e00000, 0x0000000702000000|  0%| F|  |TAMS 0x0000000701e00000, 0x0000000701e00000| Untracked 
|   8|0x0000000702000000, 0x0000000702000000, 0x0000000702200000|  0%| F|  |TAMS 0x0000000702000000, 0x0000000702000000| Untracked 
|   9|0x0000000702200000, 0x0000000702200000, 0x0000000702400000|  0%| F|  |TAMS 0x0000000702200000, 0x0000000702200000| Untracked 
|  10|0x0000000702400000, 0x0000000702400000, 0x0000000702600000|  0%| F|  |TAMS 0x0000000702400000, 0x0000000702400000| Untracked 
|  11|0x0000000702600000, 0x0000000702600000, 0x0000000702800000|  0%| F|  |TAMS 0x0000000702600000, 0x0000000702600000| Untracked 
|  12|0x0000000702800000, 0x0000000702800000, 0x0000000702a00000|  0%| F|  |TAMS 0x0000000702800000, 0x0000000702800000| Untracked 
|  13|0x0000000702a00000, 0x0000000702a00000, 0x0000000702c00000|  0%| F|  |TAMS 0x0000000702a00000, 0x0000000702a00000| Untracked 
|  14|0x0000000702c00000, 0x0000000702c00000, 0x0000000702e00000|  0%| F|  |TAMS 0x0000000702c00000, 0x0000000702c00000| Untracked 
|  15|0x0000000702e00000, 0x0000000702e00000, 0x0000000703000000|  0%| F|  |TAMS 0x0000000702e00000, 0x0000000702e00000| Untracked 
|  16|0x0000000703000000, 0x0000000703000000, 0x0000000703200000|  0%| F|  |TAMS 0x0000000703000000, 0x0000000703000000| Untracked 
|  17|0x0000000703200000, 0x0000000703200000, 0x0000000703400000|  0%| F|  |TAMS 0x0000000703200000, 0x0000000703200000| Untracked 
|  18|0x0000000703400000, 0x0000000703400000, 0x0000000703600000|  0%| F|  |TAMS 0x0000000703400000, 0x0000000703400000| Untracked 
|  19|0x0000000703600000, 0x0000000703600000, 0x0000000703800000|  0%| F|  |TAMS 0x0000000703600000, 0x0000000703600000| Untracked 
|  20|0x0000000703800000, 0x0000000703800000, 0x0000000703a00000|  0%| F|  |TAMS 0x0000000703800000, 0x0000000703800000| Untracked 
|  21|0x0000000703a00000, 0x0000000703a00000, 0x0000000703c00000|  0%| F|  |TAMS 0x0000000703a00000, 0x0000000703a00000| Untracked 
|  22|0x0000000703c00000, 0x0000000703c00000, 0x0000000703e00000|  0%| F|  |TAMS 0x0000000703c00000, 0x0000000703c00000| Untracked 
|  23|0x0000000703e00000, 0x0000000703e00000, 0x0000000704000000|  0%| F|  |TAMS 0x0000000703e00000, 0x0000000703e00000| Untracked 
|  24|0x0000000704000000, 0x0000000704000000, 0x0000000704200000|  0%| F|  |TAMS 0x0000000704000000, 0x0000000704000000| Untracked 
|  25|0x0000000704200000, 0x0000000704200000, 0x0000000704400000|  0%| F|  |TAMS 0x0000000704200000, 0x0000000704200000| Untracked 
|  26|0x0000000704400000, 0x0000000704400000, 0x0000000704600000|  0%| F|  |TAMS 0x0000000704400000, 0x0000000704400000| Untracked 
|  27|0x0000000704600000, 0x0000000704600000, 0x0000000704800000|  0%| F|  |TAMS 0x0000000704600000, 0x0000000704600000| Untracked 
|  28|0x0000000704800000, 0x0000000704800000, 0x0000000704a00000|  0%| F|  |TAMS 0x0000000704800000, 0x0000000704800000| Untracked 
|  29|0x0000000704a00000, 0x0000000704a00000, 0x0000000704c00000|  0%| F|  |TAMS 0x0000000704a00000, 0x0000000704a00000| Untracked 
|  30|0x0000000704c00000, 0x0000000704c00000, 0x0000000704e00000|  0%| F|  |TAMS 0x0000000704c00000, 0x0000000704c00000| Untracked 
|  31|0x0000000704e00000, 0x0000000704e00000, 0x0000000705000000|  0%| F|  |TAMS 0x0000000704e00000, 0x0000000704e00000| Untracked 
|  32|0x0000000705000000, 0x0000000705000000, 0x0000000705200000|  0%| F|  |TAMS 0x0000000705000000, 0x0000000705000000| Untracked 
|  33|0x0000000705200000, 0x0000000705200000, 0x0000000705400000|  0%| F|  |TAMS 0x0000000705200000, 0x0000000705200000| Untracked 
|  34|0x0000000705400000, 0x0000000705400000, 0x0000000705600000|  0%| F|  |TAMS 0x0000000705400000, 0x0000000705400000| Untracked 
|  35|0x0000000705600000, 0x0000000705600000, 0x0000000705800000|  0%| F|  |TAMS 0x0000000705600000, 0x0000000705600000| Untracked 
|  36|0x0000000705800000, 0x0000000705800000, 0x0000000705a00000|  0%| F|  |TAMS 0x0000000705800000, 0x0000000705800000| Untracked 
|  37|0x0000000705a00000, 0x0000000705a00000, 0x0000000705c00000|  0%| F|  |TAMS 0x0000000705a00000, 0x0000000705a00000| Untracked 
|  38|0x0000000705c00000, 0x0000000705c00000, 0x0000000705e00000|  0%| F|  |TAMS 0x0000000705c00000, 0x0000000705c00000| Untracked 
|  39|0x0000000705e00000, 0x0000000705e00000, 0x0000000706000000|  0%| F|  |TAMS 0x0000000705e00000, 0x0000000705e00000| Untracked 
|  40|0x0000000706000000, 0x0000000706000000, 0x0000000706200000|  0%| F|  |TAMS 0x0000000706000000, 0x0000000706000000| Untracked 
|  41|0x0000000706200000, 0x0000000706200000, 0x0000000706400000|  0%| F|  |TAMS 0x0000000706200000, 0x0000000706200000| Untracked 
|  42|0x0000000706400000, 0x0000000706400000, 0x0000000706600000|  0%| F|  |TAMS 0x0000000706400000, 0x0000000706400000| Untracked 
|  43|0x0000000706600000, 0x0000000706600000, 0x0000000706800000|  0%| F|  |TAMS 0x0000000706600000, 0x0000000706600000| Untracked 
|  44|0x0000000706800000, 0x0000000706800000, 0x0000000706a00000|  0%| F|  |TAMS 0x0000000706800000, 0x0000000706800000| Untracked 
|  45|0x0000000706a00000, 0x0000000706a00000, 0x0000000706c00000|  0%| F|  |TAMS 0x0000000706a00000, 0x0000000706a00000| Untracked 
|  46|0x0000000706c00000, 0x0000000706c00000, 0x0000000706e00000|  0%| F|  |TAMS 0x0000000706c00000, 0x0000000706c00000| Untracked 
|  47|0x0000000706e00000, 0x0000000706e00000, 0x0000000707000000|  0%| F|  |TAMS 0x0000000706e00000, 0x0000000706e00000| Untracked 
|  48|0x0000000707000000, 0x0000000707000000, 0x0000000707200000|  0%| F|  |TAMS 0x0000000707000000, 0x0000000707000000| Untracked 
|  49|0x0000000707200000, 0x0000000707200000, 0x0000000707400000|  0%| F|  |TAMS 0x0000000707200000, 0x0000000707200000| Untracked 
|  50|0x0000000707400000, 0x0000000707400000, 0x0000000707600000|  0%| F|  |TAMS 0x0000000707400000, 0x0000000707400000| Untracked 
|  51|0x0000000707600000, 0x0000000707600000, 0x0000000707800000|  0%| F|  |TAMS 0x0000000707600000, 0x0000000707600000| Untracked 
|  52|0x0000000707800000, 0x0000000707800000, 0x0000000707a00000|  0%| F|  |TAMS 0x0000000707800000, 0x0000000707800000| Untracked 
|  53|0x0000000707a00000, 0x0000000707a00000, 0x0000000707c00000|  0%| F|  |TAMS 0x0000000707a00000, 0x0000000707a00000| Untracked 
|  54|0x0000000707c00000, 0x0000000707c00000, 0x0000000707e00000|  0%| F|  |TAMS 0x0000000707c00000, 0x0000000707c00000| Untracked 
|  55|0x0000000707e00000, 0x0000000707e00000, 0x0000000708000000|  0%| F|  |TAMS 0x0000000707e00000, 0x0000000707e00000| Untracked 
|  56|0x0000000708000000, 0x0000000708000000, 0x0000000708200000|  0%| F|  |TAMS 0x0000000708000000, 0x0000000708000000| Untracked 
|  57|0x0000000708200000, 0x0000000708200000, 0x0000000708400000|  0%| F|  |TAMS 0x0000000708200000, 0x0000000708200000| Untracked 
|  58|0x0000000708400000, 0x0000000708400000, 0x0000000708600000|  0%| F|  |TAMS 0x0000000708400000, 0x0000000708400000| Untracked 
|  59|0x0000000708600000, 0x0000000708600000, 0x0000000708800000|  0%| F|  |TAMS 0x0000000708600000, 0x0000000708600000| Untracked 
|  60|0x0000000708800000, 0x0000000708800000, 0x0000000708a00000|  0%| F|  |TAMS 0x0000000708800000, 0x0000000708800000| Untracked 
|  61|0x0000000708a00000, 0x0000000708a00000, 0x0000000708c00000|  0%| F|  |TAMS 0x0000000708a00000, 0x0000000708a00000| Untracked 
|  62|0x0000000708c00000, 0x0000000708c00000, 0x0000000708e00000|  0%| F|  |TAMS 0x0000000708c00000, 0x0000000708c00000| Untracked 
|  63|0x0000000708e00000, 0x0000000708e00000, 0x0000000709000000|  0%| F|  |TAMS 0x0000000708e00000, 0x0000000708e00000| Untracked 
|  64|0x0000000709000000, 0x0000000709000000, 0x0000000709200000|  0%| F|  |TAMS 0x0000000709000000, 0x0000000709000000| Untracked 
|  65|0x0000000709200000, 0x0000000709200000, 0x0000000709400000|  0%| F|  |TAMS 0x0000000709200000, 0x0000000709200000| Untracked 
|  66|0x0000000709400000, 0x0000000709400000, 0x0000000709600000|  0%| F|  |TAMS 0x0000000709400000, 0x0000000709400000| Untracked 
|  67|0x0000000709600000, 0x0000000709600000, 0x0000000709800000|  0%| F|  |TAMS 0x0000000709600000, 0x0000000709600000| Untracked 
|  68|0x0000000709800000, 0x0000000709800000, 0x0000000709a00000|  0%| F|  |TAMS 0x0000000709800000, 0x0000000709800000| Untracked 
|  69|0x0000000709a00000, 0x0000000709a00000, 0x0000000709c00000|  0%| F|  |TAMS 0x0000000709a00000, 0x0000000709a00000| Untracked 
|  70|0x0000000709c00000, 0x0000000709c00000, 0x0000000709e00000|  0%| F|  |TAMS 0x0000000709c00000, 0x0000000709c00000| Untracked 
|  71|0x0000000709e00000, 0x0000000709e00000, 0x000000070a000000|  0%| F|  |TAMS 0x0000000709e00000, 0x0000000709e00000| Untracked 
|  72|0x000000070a000000, 0x000000070a000000, 0x000000070a200000|  0%| F|  |TAMS 0x000000070a000000, 0x000000070a000000| Untracked 
|  73|0x000000070a200000, 0x000000070a200000, 0x000000070a400000|  0%| F|  |TAMS 0x000000070a200000, 0x000000070a200000| Untracked 
|  74|0x000000070a400000, 0x000000070a400000, 0x000000070a600000|  0%| F|  |TAMS 0x000000070a400000, 0x000000070a400000| Untracked 
|  75|0x000000070a600000, 0x000000070a600000, 0x000000070a800000|  0%| F|  |TAMS 0x000000070a600000, 0x000000070a600000| Untracked 
|  76|0x000000070a800000, 0x000000070a800000, 0x000000070aa00000|  0%| F|  |TAMS 0x000000070a800000, 0x000000070a800000| Untracked 
|  77|0x000000070aa00000, 0x000000070aa00000, 0x000000070ac00000|  0%| F|  |TAMS 0x000000070aa00000, 0x000000070aa00000| Untracked 
|  78|0x000000070ac00000, 0x000000070ac00000, 0x000000070ae00000|  0%| F|  |TAMS 0x000000070ac00000, 0x000000070ac00000| Untracked 
|  79|0x000000070ae00000, 0x000000070ae00000, 0x000000070b000000|  0%| F|  |TAMS 0x000000070ae00000, 0x000000070ae00000| Untracked 
|  80|0x000000070b000000, 0x000000070b000000, 0x000000070b200000|  0%| F|  |TAMS 0x000000070b000000, 0x000000070b000000| Untracked 
|  81|0x000000070b200000, 0x000000070b200000, 0x000000070b400000|  0%| F|  |TAMS 0x000000070b200000, 0x000000070b200000| Untracked 
|  82|0x000000070b400000, 0x000000070b400000, 0x000000070b600000|  0%| F|  |TAMS 0x000000070b400000, 0x000000070b400000| Untracked 
|  83|0x000000070b600000, 0x000000070b600000, 0x000000070b800000|  0%| F|  |TAMS 0x000000070b600000, 0x000000070b600000| Untracked 
|  84|0x000000070b800000, 0x000000070b800000, 0x000000070ba00000|  0%| F|  |TAMS 0x000000070b800000, 0x000000070b800000| Untracked 
|  85|0x000000070ba00000, 0x000000070ba00000, 0x000000070bc00000|  0%| F|  |TAMS 0x000000070ba00000, 0x000000070ba00000| Untracked 
|  86|0x000000070bc00000, 0x000000070bc00000, 0x000000070be00000|  0%| F|  |TAMS 0x000000070bc00000, 0x000000070bc00000| Untracked 
|  87|0x000000070be00000, 0x000000070be00000, 0x000000070c000000|  0%| F|  |TAMS 0x000000070be00000, 0x000000070be00000| Untracked 
|  88|0x000000070c000000, 0x000000070c000000, 0x000000070c200000|  0%| F|  |TAMS 0x000000070c000000, 0x000000070c000000| Untracked 
|  89|0x000000070c200000, 0x000000070c200000, 0x000000070c400000|  0%| F|  |TAMS 0x000000070c200000, 0x000000070c200000| Untracked 
|  90|0x000000070c400000, 0x000000070c400000, 0x000000070c600000|  0%| F|  |TAMS 0x000000070c400000, 0x000000070c400000| Untracked 
|  91|0x000000070c600000, 0x000000070c600000, 0x000000070c800000|  0%| F|  |TAMS 0x000000070c600000, 0x000000070c600000| Untracked 
|  92|0x000000070c800000, 0x000000070c800000, 0x000000070ca00000|  0%| F|  |TAMS 0x000000070c800000, 0x000000070c800000| Untracked 
|  93|0x000000070ca00000, 0x000000070ca00000, 0x000000070cc00000|  0%| F|  |TAMS 0x000000070ca00000, 0x000000070ca00000| Untracked 
|  94|0x000000070cc00000, 0x000000070cc00000, 0x000000070ce00000|  0%| F|  |TAMS 0x000000070cc00000, 0x000000070cc00000| Untracked 
|  95|0x000000070ce00000, 0x000000070ce00000, 0x000000070d000000|  0%| F|  |TAMS 0x000000070ce00000, 0x000000070ce00000| Untracked 
|  96|0x000000070d000000, 0x000000070d000000, 0x000000070d200000|  0%| F|  |TAMS 0x000000070d000000, 0x000000070d000000| Untracked 
|  97|0x000000070d200000, 0x000000070d200000, 0x000000070d400000|  0%| F|  |TAMS 0x000000070d200000, 0x000000070d200000| Untracked 
|  98|0x000000070d400000, 0x000000070d400000, 0x000000070d600000|  0%| F|  |TAMS 0x000000070d400000, 0x000000070d400000| Untracked 
|  99|0x000000070d600000, 0x000000070d600000, 0x000000070d800000|  0%| F|  |TAMS 0x000000070d600000, 0x000000070d600000| Untracked 
| 100|0x000000070d800000, 0x000000070d800000, 0x000000070da00000|  0%| F|  |TAMS 0x000000070d800000, 0x000000070d800000| Untracked 
| 101|0x000000070da00000, 0x000000070da00000, 0x000000070dc00000|  0%| F|  |TAMS 0x000000070da00000, 0x000000070da00000| Untracked 
| 102|0x000000070dc00000, 0x000000070dc00000, 0x000000070de00000|  0%| F|  |TAMS 0x000000070dc00000, 0x000000070dc00000| Untracked 
| 103|0x000000070de00000, 0x000000070de00000, 0x000000070e000000|  0%| F|  |TAMS 0x000000070de00000, 0x000000070de00000| Untracked 
| 104|0x000000070e000000, 0x000000070e000000, 0x000000070e200000|  0%| F|  |TAMS 0x000000070e000000, 0x000000070e000000| Untracked 
| 105|0x000000070e200000, 0x000000070e200000, 0x000000070e400000|  0%| F|  |TAMS 0x000000070e200000, 0x000000070e200000| Untracked 
| 106|0x000000070e400000, 0x000000070e400000, 0x000000070e600000|  0%| F|  |TAMS 0x000000070e400000, 0x000000070e400000| Untracked 
| 107|0x000000070e600000, 0x000000070e600000, 0x000000070e800000|  0%| F|  |TAMS 0x000000070e600000, 0x000000070e600000| Untracked 
| 108|0x000000070e800000, 0x000000070e800000, 0x000000070ea00000|  0%| F|  |TAMS 0x000000070e800000, 0x000000070e800000| Untracked 
| 109|0x000000070ea00000, 0x000000070ea00000, 0x000000070ec00000|  0%| F|  |TAMS 0x000000070ea00000, 0x000000070ea00000| Untracked 
| 110|0x000000070ec00000, 0x000000070ec00000, 0x000000070ee00000|  0%| F|  |TAMS 0x000000070ec00000, 0x000000070ec00000| Untracked 
| 111|0x000000070ee00000, 0x000000070ee00000, 0x000000070f000000|  0%| F|  |TAMS 0x000000070ee00000, 0x000000070ee00000| Untracked 
| 112|0x000000070f000000, 0x000000070f000000, 0x000000070f200000|  0%| F|  |TAMS 0x000000070f000000, 0x000000070f000000| Untracked 
| 113|0x000000070f200000, 0x000000070f200000, 0x000000070f400000|  0%| F|  |TAMS 0x000000070f200000, 0x000000070f200000| Untracked 
| 114|0x000000070f400000, 0x000000070f400000, 0x000000070f600000|  0%| F|  |TAMS 0x000000070f400000, 0x000000070f400000| Untracked 
| 115|0x000000070f600000, 0x000000070f800000, 0x000000070f800000|100%| S|CS|TAMS 0x000000070f600000, 0x000000070f600000| Complete 
| 116|0x000000070f800000, 0x000000070fa00000, 0x000000070fa00000|100%| S|CS|TAMS 0x000000070f800000, 0x000000070f800000| Complete 
| 117|0x000000070fa00000, 0x000000070fa00000, 0x000000070fc00000|  0%| F|  |TAMS 0x000000070fa00000, 0x000000070fa00000| Untracked 
| 118|0x000000070fc00000, 0x000000070fc00000, 0x000000070fe00000|  0%| F|  |TAMS 0x000000070fc00000, 0x000000070fc00000| Untracked 
| 119|0x000000070fe00000, 0x000000070fe00000, 0x0000000710000000|  0%| F|  |TAMS 0x000000070fe00000, 0x000000070fe00000| Untracked 
| 120|0x0000000710000000, 0x0000000710000000, 0x0000000710200000|  0%| F|  |TAMS 0x0000000710000000, 0x0000000710000000| Untracked 
| 121|0x0000000710200000, 0x0000000710200000, 0x0000000710400000|  0%| F|  |TAMS 0x0000000710200000, 0x0000000710200000| Untracked 
| 122|0x0000000710400000, 0x0000000710400000, 0x0000000710600000|  0%| F|  |TAMS 0x0000000710400000, 0x0000000710400000| Untracked 
| 123|0x0000000710600000, 0x0000000710600000, 0x0000000710800000|  0%| F|  |TAMS 0x0000000710600000, 0x0000000710600000| Untracked 
| 124|0x0000000710800000, 0x0000000710800000, 0x0000000710a00000|  0%| F|  |TAMS 0x0000000710800000, 0x0000000710800000| Untracked 
| 125|0x0000000710a00000, 0x0000000710a00000, 0x0000000710c00000|  0%| F|  |TAMS 0x0000000710a00000, 0x0000000710a00000| Untracked 
| 126|0x0000000710c00000, 0x0000000710c9a1e0, 0x0000000710e00000| 30%| E|  |TAMS 0x0000000710c00000, 0x0000000710c00000| Complete 
| 127|0x0000000710e00000, 0x0000000711000000, 0x0000000711000000|100%| E|CS|TAMS 0x0000000710e00000, 0x0000000710e00000| Complete 

Card table byte_map: [0x000002b6b6800000,0x000002b6b7000000] _byte_map_base: 0x000002b6b2ff8000

Marking Bits (Prev, Next): (CMBitMap*) 0x000002b69e59c6f0, (CMBitMap*) 0x000002b69e59c730
 Prev Bits: [0x000002b6b7800000, 0x000002b6bb7c0000)
 Next Bits: [0x000002b6bb7c0000, 0x000002b6bf780000)

Polling page: 0x000002b69c510000

Metaspace:

Usage:
  Non-class:      7.39 MB capacity,     7.28 MB ( 99%) used,   101.71 KB (  1%) free+waste,    10.81 KB ( <1%) overhead. 
      Class:    925.00 KB capacity,   876.23 KB ( 95%) used,    44.27 KB (  5%) free+waste,     4.50 KB ( <1%) overhead. 
       Both:      8.29 MB capacity,     8.14 MB ( 98%) used,   145.98 KB (  2%) free+waste,    15.31 KB ( <1%) overhead. 

Virtual space:
  Non-class space:        8.00 MB reserved,       7.50 MB ( 94%) committed 
      Class space:        1.00 GB reserved,       1.00 MB ( <1%) committed 
             Both:        1.01 GB reserved,       8.50 MB ( <1%) committed 

Chunk freelists:
   Non-Class:  48.00 KB
       Class:  3.00 KB
        Both:  51.00 KB

MaxMetaspaceSize: 17179869184.00 GB
CompressedClassSpaceSize: 1.00 GB

CodeHeap 'non-profiled nmethods': size=119168Kb used=349Kb max_used=349Kb free=118818Kb
 bounds [0x000002b6ae320000, 0x000002b6ae590000, 0x000002b6b5780000]
CodeHeap 'profiled nmethods': size=119104Kb used=1878Kb max_used=1878Kb free=117225Kb
 bounds [0x000002b6a6ed0000, 0x000002b6a7140000, 0x000002b6ae320000]
CodeHeap 'non-nmethods': size=7488Kb used=2414Kb max_used=2428Kb free=5073Kb
 bounds [0x000002b6a6780000, 0x000002b6a69f0000, 0x000002b6a6ed0000]
 total_blobs=1664 nmethods=1082 adapters=493
 compilation: enabled
              stopped_count=0, restarted_count=0
 full_count=0

Compilation events (20 events):
Event: 1.980 Thread 0x000002b6c3191680 1073       3       java.util.concurrent.locks.AbstractQueuedSynchronizer$Node::setPrevRelaxed (12 bytes)
Event: 1.980 Thread 0x000002b6c3191680 nmethod 1073 0x000002b6a70a1290 code [0x000002b6a70a1420, 0x000002b6a70a1578]
Event: 1.986 Thread 0x000002b6c3191680 1074       3       java.util.concurrent.locks.AbstractQueuedSynchronizer::casTail (13 bytes)
Event: 1.986 Thread 0x000002b6c3191680 nmethod 1074 0x000002b6a70a1610 code [0x000002b6a70a17a0, 0x000002b6a70a1918]
Event: 1.990 Thread 0x000002b6c3191680 1075       3       java.util.HashMap::remove (26 bytes)
Event: 1.990 Thread 0x000002b6c3060780 1076       3       java.util.HashMap::removeNode (291 bytes)
Event: 1.991 Thread 0x000002b6c3191680 nmethod 1075 0x000002b6a70a1990 code [0x000002b6a70a1b60, 0x000002b6a70a1eb8]
Event: 1.991 Thread 0x000002b6c3060780 nmethod 1076 0x000002b6a70a2010 code [0x000002b6a70a22a0, 0x000002b6a70a3638]
Event: 1.991 Thread 0x000002b6c3191680 1077       3       java.util.HashMap::afterNodeRemoval (1 bytes)
Event: 1.991 Thread 0x000002b6c3191680 nmethod 1077 0x000002b6a70a3b10 code [0x000002b6a70a3ca0, 0x000002b6a70a3d98]
Event: 2.005 Thread 0x000002b6c3191680 1078       3       java.util.HashSet::remove (20 bytes)
Event: 2.005 Thread 0x000002b6c3060780 1079       3       java.util.concurrent.locks.AbstractQueuedSynchronizer$Node::setStatusRelaxed (12 bytes)
Event: 2.005 Thread 0x000002b6c3185100 1080       3       java.util.concurrent.locks.AbstractQueuedSynchronizer$ConditionNode::block (15 bytes)
Event: 2.005 Thread 0x000002b6c3060780 nmethod 1079 0x000002b6a70a3e10 code [0x000002b6a70a3fa0, 0x000002b6a70a40b8]
Event: 2.006 Thread 0x000002b6c3191680 nmethod 1078 0x000002b6a70a4190 code [0x000002b6a70a4340, 0x000002b6a70a4568]
Event: 2.006 Thread 0x000002b6c3060780 1081       3       java.util.concurrent.locks.LockSupport::park (9 bytes)
Event: 2.006 Thread 0x000002b6c3185100 nmethod 1080 0x000002b6a70a4610 code [0x000002b6a70a47e0, 0x000002b6a70a4c08]
Event: 2.006 Thread 0x000002b6c3060780 nmethod 1081 0x000002b6a70a4d90 code [0x000002b6a70a4f40, 0x000002b6a70a5068]
Event: 2.006 Thread 0x000002b6c3185100 1082       3       java.util.concurrent.locks.AbstractQueuedSynchronizer::enqueue (60 bytes)
Event: 2.006 Thread 0x000002b6c3185100 nmethod 1082 0x000002b6a70a5110 code [0x000002b6a70a5300, 0x000002b6a70a57b8]

GC Heap History (2 events):
Event: 0.788 GC heap before
{Heap before GC invocations=0 (full 0):
 garbage-first heap   total 262144K, used 20480K [0x0000000701000000, 0x0000000800000000)
  region size 2048K, 11 young (22528K), 0 survivors (0K)
 Metaspace       used 6979K, capacity 7134K, committed 7296K, reserved 1056768K
  class space    used 740K, capacity 793K, committed 896K, reserved 1048576K
}
Event: 0.792 GC heap after
{Heap after GC invocations=1 (full 0):
 garbage-first heap   total 262144K, used 6423K [0x0000000701000000, 0x0000000800000000)
  region size 2048K, 2 young (4096K), 2 survivors (4096K)
 Metaspace       used 6979K, capacity 7134K, committed 7296K, reserved 1056768K
  class space    used 740K, capacity 793K, committed 896K, reserved 1048576K
}

Deoptimization events (20 events):
Event: 0.676 Thread 0x000002b69e549b80 DEOPT PACKING pc=0x000002b6a6fbb861 sp=0x000000deb03fea50
Event: 0.676 Thread 0x000002b69e549b80 DEOPT UNPACKING pc=0x000002b6a67ce23f sp=0x000000deb03fdec8 mode 0
Event: 0.676 Thread 0x000002b69e549b80 DEOPT PACKING pc=0x000002b6a6fbb861 sp=0x000000deb03fea50
Event: 0.676 Thread 0x000002b69e549b80 DEOPT UNPACKING pc=0x000002b6a67ce23f sp=0x000000deb03fdec8 mode 0
Event: 0.676 Thread 0x000002b69e549b80 DEOPT PACKING pc=0x000002b6a6fbb861 sp=0x000000deb03fea50
Event: 0.676 Thread 0x000002b69e549b80 DEOPT UNPACKING pc=0x000002b6a67ce23f sp=0x000000deb03fdec8 mode 0
Event: 0.676 Thread 0x000002b69e549b80 DEOPT PACKING pc=0x000002b6a6fbb861 sp=0x000000deb03fea50
Event: 0.676 Thread 0x000002b69e549b80 DEOPT UNPACKING pc=0x000002b6a67ce23f sp=0x000000deb03fdec8 mode 0
Event: 0.676 Thread 0x000002b69e549b80 DEOPT PACKING pc=0x000002b6a6fbb861 sp=0x000000deb03fea50
Event: 0.676 Thread 0x000002b69e549b80 DEOPT UNPACKING pc=0x000002b6a67ce23f sp=0x000000deb03fdec8 mode 0
Event: 0.677 Thread 0x000002b69e549b80 DEOPT PACKING pc=0x000002b6a6fbb861 sp=0x000000deb03fea50
Event: 0.677 Thread 0x000002b69e549b80 DEOPT UNPACKING pc=0x000002b6a67ce23f sp=0x000000deb03fdec8 mode 0
Event: 0.677 Thread 0x000002b69e549b80 DEOPT PACKING pc=0x000002b6a6fbb861 sp=0x000000deb03fea50
Event: 0.677 Thread 0x000002b69e549b80 DEOPT UNPACKING pc=0x000002b6a67ce23f sp=0x000000deb03fdec8 mode 0
Event: 0.677 Thread 0x000002b69e549b80 DEOPT PACKING pc=0x000002b6a6fbb861 sp=0x000000deb03fea50
Event: 0.677 Thread 0x000002b69e549b80 DEOPT UNPACKING pc=0x000002b6a67ce23f sp=0x000000deb03fdec8 mode 0
Event: 0.677 Thread 0x000002b69e549b80 DEOPT PACKING pc=0x000002b6a6fbb861 sp=0x000000deb03fea50
Event: 0.677 Thread 0x000002b69e549b80 DEOPT UNPACKING pc=0x000002b6a67ce23f sp=0x000000deb03fdec8 mode 0
Event: 0.678 Thread 0x000002b69e549b80 DEOPT PACKING pc=0x000002b6a6fbb861 sp=0x000000deb03fea50
Event: 0.678 Thread 0x000002b69e549b80 DEOPT UNPACKING pc=0x000002b6a67ce23f sp=0x000000deb03fdec8 mode 0

Classes unloaded (0 events):
No events

Classes redefined (0 events):
No events

Internal exceptions (13 events):
Event: 0.071 Thread 0x000002b69e549b80 Exception <a 'java/lang/NoSuchMethodError'{0x0000000710f269e8}: 'void java.lang.invoke.DirectMethodHandle$Holder.invokeSpecial(java.lang.Object, java.lang.Object, java.lang.Object)'> (0x0000000710f269e8) 
thrown [./open/src/hotspot/share/interpreter/linkResolver.cpp, line 782]
Event: 0.104 Thread 0x000002b69e549b80 Exception <a 'java/lang/ClassNotFoundException'{0x0000000710c4e528}: sun/awt/resources/spi/awtProvider> (0x0000000710c4e528) 
thrown [./open/src/hotspot/share/classfile/systemDictionary.cpp, line 295]
Event: 0.124 Thread 0x000002b69e549b80 Exception <a 'java/io/FileNotFoundException'{0x0000000710d1a858}> (0x0000000710d1a858) 
thrown [./open/src/hotspot/share/prims/jni.cpp, line 578]
Event: 0.130 Thread 0x000002b69e549b80 Exception <a 'java/io/FileNotFoundException'{0x0000000710d490b8}> (0x0000000710d490b8) 
thrown [./open/src/hotspot/share/prims/jni.cpp, line 578]
Event: 0.130 Thread 0x000002b69e549b80 Exception <a 'java/lang/NoSuchMethodError'{0x0000000710d4a2a0}: 'java.lang.Object java.lang.invoke.DirectMethodHandle$Holder.invokeStatic(java.lang.Object)'> (0x0000000710d4a2a0) 
thrown [./open/src/hotspot/share/interpreter/linkResolver.cpp, line 782]
Event: 0.165 Thread 0x000002b69e549b80 Exception <a 'java/lang/NoSuchMethodError'{0x0000000710dac828}: 'java.lang.Object java.lang.invoke.DirectMethodHandle$Holder.invokeStaticInit(java.lang.Object)'> (0x0000000710dac828) 
thrown [./open/src/hotspot/share/interpreter/linkResolver.cpp, line 782]
Event: 0.454 Thread 0x000002b69e549b80 Exception <a 'java/lang/NoSuchMethodError'{0x0000000710a4eeb0}: 'java.lang.Object java.lang.invoke.DirectMethodHandle$Holder.newInvokeSpecial(java.lang.Object, java.lang.Object, java.lang.Object, java.lang.Object, java.lang.Object)'> (0x0000000710a4eeb0) 
thrown [./open/src/hotspot/share/interpreter/linkResolver.cpp, line 782]
Event: 0.455 Thread 0x000002b69e549b80 Exception <a 'java/lang/NoSuchMethodError'{0x0000000710a5a940}: 'java.lang.Object java.lang.invoke.DirectMethodHandle$Holder.invokeStatic(java.lang.Object, int, java.lang.Object, java.lang.Object, java.lang.Object, java.lang.Object)'> (0x0000000710a5a940) 
thrown [./open/src/hotspot/share/interpreter/linkResolver.cpp, line 782]
Event: 0.458 Thread 0x000002b69e549b80 Exception <a 'java/lang/NoSuchMethodError'{0x0000000710a80f10}: 'java.lang.Object java.lang.invoke.DirectMethodHandle$Holder.invokeStatic(java.lang.Object, int, java.lang.Object)'> (0x0000000710a80f10) 
thrown [./open/src/hotspot/share/interpreter/linkResolver.cpp, line 782]
Event: 0.478 Thread 0x000002b69e549b80 Exception <a 'java/lang/ClassNotFoundException'{0x0000000710b39570}: com/sun/swing/internal/plaf/metal/resources/spi/metalProvider> (0x0000000710b39570) 
thrown [./open/src/hotspot/share/classfile/systemDictionary.cpp, line 295]
Event: 0.478 Thread 0x000002b69e549b80 Exception <a 'java/lang/ClassNotFoundException'{0x0000000710b3d830}: com/sun/swing/internal/plaf/basic/resources/spi/basicProvider> (0x0000000710b3d830) 
thrown [./open/src/hotspot/share/classfile/systemDictionary.cpp, line 295]
Event: 0.576 Thread 0x000002b69e549b80 Implicit null exception at 0x000002b6ae34fee0 to 0x000002b6ae350400
Event: 0.761 Thread 0x000002b69e549b80 Exception <a 'java/lang/NoSuchMethodError'{0x000000070fad8cd8}: 'void java.lang.invoke.DirectMethodHandle$Holder.invokeStaticInit(java.lang.Object)'> (0x000000070fad8cd8) 
thrown [./open/src/hotspot/share/interpreter/linkResolver.cpp, line 782]

Events (20 events):
Event: 1.650 loading class java/awt/LightweightDispatcher$1 done
Event: 1.650 loading class java/awt/event/AWTEventListenerProxy
Event: 1.651 loading class java/awt/event/AWTEventListenerProxy done
Event: 1.651 loading class java/awt/Toolkit$SelectiveAWTEventListener
Event: 1.651 loading class java/awt/Toolkit$SelectiveAWTEventListener done
Event: 1.651 loading class java/awt/Toolkit$ToolkitEventMulticaster
Event: 1.651 loading class java/awt/Toolkit$ToolkitEventMulticaster done
Event: 1.651 loading class java/awt/event/MouseWheelEvent
Event: 1.651 loading class java/awt/event/MouseWheelEvent done
Event: 1.652 loading class java/awt/Cursor$CursorDisposer
Event: 1.652 loading class java/awt/Cursor$CursorDisposer done
Event: 1.763 Loaded shared library C:\Users\jonjo\Documents\Java\bin\java.dll
Event: 1.792 Executing VM operation: HandshakeAllThreads
Event: 1.792 Executing VM operation: HandshakeAllThreads done
Event: 2.171 loading class java/awt/LightweightDispatcher$2
Event: 2.171 loading class java/awt/LightweightDispatcher$2 done
Event: 2.378 Thread 0x000002b6c303b7b0 Thread added: 0x000002b6c303b7b0
Event: 2.379 Thread 0x000002b6c303cfc0 Thread added: 0x000002b6c303cfc0
Event: 2.379 Thread 0x000002b6c303cfc0 Thread exited: 0x000002b6c303cfc0
Event: 2.400 Thread 0x000002b6c303b2e0 Thread exited: 0x000002b6c303b2e0


Dynamic libraries:
0x00007ff6ce3f0000 - 0x00007ff6ce3ff000 	C:\Users\jonjo\Documents\Java\bin\javaw.exe
0x00007ffe8d1d0000 - 0x00007ffe8d3c5000 	C:\WINDOWS\SYSTEM32\ntdll.dll
0x00007ffe63dc0000 - 0x00007ffe63dd3000 	C:\Program Files\AVG\Antivirus\aswhook.dll
0x00007ffe8bd00000 - 0x00007ffe8bdbd000 	C:\WINDOWS\System32\KERNEL32.DLL
0x00007ffe8aab0000 - 0x00007ffe8ad79000 	C:\WINDOWS\System32\KERNELBASE.dll
0x00007ffe8b130000 - 0x00007ffe8b230000 	C:\WINDOWS\System32\ucrtbase.dll
0x00007ffe81a40000 - 0x00007ffe81a59000 	C:\Users\jonjo\Documents\Java\bin\VCRUNTIME140.dll
0x00007ffe80a80000 - 0x00007ffe80a98000 	C:\Users\jonjo\Documents\Java\bin\jli.dll
0x00007ffe8bde0000 - 0x00007ffe8be8c000 	C:\WINDOWS\System32\ADVAPI32.dll
0x00007ffe8ba00000 - 0x00007ffe8ba9e000 	C:\WINDOWS\System32\msvcrt.dll
0x00007ffe8d0f0000 - 0x00007ffe8d18c000 	C:\WINDOWS\System32\sechost.dll
0x00007ffe8c030000 - 0x00007ffe8c15b000 	C:\WINDOWS\System32\RPCRT4.dll
0x00007ffe8be90000 - 0x00007ffe8c030000 	C:\WINDOWS\System32\USER32.dll
0x00007ffe6a6e0000 - 0x00007ffe6a97a000 	C:\WINDOWS\WinSxS\amd64_microsoft.windows.common-controls_6595b64144ccf1df_6.0.19041.844_none_ca00b6081b84eb1d\COMCTL32.dll
0x00007ffe8ae30000 - 0x00007ffe8ae52000 	C:\WINDOWS\System32\win32u.dll
0x00007ffe8c2f0000 - 0x00007ffe8c31a000 	C:\WINDOWS\System32\GDI32.dll
0x00007ffe8a970000 - 0x00007ffe8aa7b000 	C:\WINDOWS\System32\gdi32full.dll
0x00007ffe83d60000 - 0x00007ffe83d6a000 	C:\WINDOWS\SYSTEM32\VERSION.dll
0x00007ffe8b010000 - 0x00007ffe8b0ad000 	C:\WINDOWS\System32\msvcp_win.dll
0x00007ffe8d0c0000 - 0x00007ffe8d0f0000 	C:\WINDOWS\System32\IMM32.DLL
0x00007ffe845f0000 - 0x00007ffe845fc000 	C:\Users\jonjo\Documents\Java\bin\vcruntime140_1.dll
0x00007ffe73f10000 - 0x00007ffe73fa1000 	C:\Users\jonjo\Documents\Java\bin\msvcp140.dll
0x00007ffe17d20000 - 0x00007ffe1887e000 	C:\Users\jonjo\Documents\Java\bin\server\jvm.dll
0x00007ffe8cf10000 - 0x00007ffe8cf18000 	C:\WINDOWS\System32\PSAPI.DLL
0x00007ffe81a60000 - 0x00007ffe81a69000 	C:\WINDOWS\SYSTEM32\WSOCK32.dll
0x00007ffe827a0000 - 0x00007ffe827c7000 	C:\WINDOWS\SYSTEM32\WINMM.dll
0x00007ffe8c4e0000 - 0x00007ffe8c54b000 	C:\WINDOWS\System32\WS2_32.dll
0x00007ffe89200000 - 0x00007ffe89212000 	C:\WINDOWS\SYSTEM32\kernel.appcore.dll
0x00007ffe82250000 - 0x00007ffe8225a000 	C:\Users\jonjo\Documents\Java\bin\jimage.dll
0x00007ffe88e90000 - 0x00007ffe89074000 	C:\WINDOWS\SYSTEM32\DBGHELP.DLL
0x00007ffe81e10000 - 0x00007ffe81e3c000 	C:\WINDOWS\SYSTEM32\dbgcore.DLL
0x00007ffe8b0b0000 - 0x00007ffe8b130000 	C:\WINDOWS\System32\bcryptPrimitives.dll
0x00007ffe74e30000 - 0x00007ffe74e55000 	C:\Users\jonjo\Documents\Java\bin\java.dll
0x00007ffe8c610000 - 0x00007ffe8cd52000 	C:\WINDOWS\System32\SHELL32.dll
0x00007ffe882c0000 - 0x00007ffe88a50000 	C:\WINDOWS\SYSTEM32\windows.storage.dll
0x00007ffe8b230000 - 0x00007ffe8b585000 	C:\WINDOWS\System32\combase.dll
0x00007ffe8a380000 - 0x00007ffe8a3ac000 	C:\WINDOWS\SYSTEM32\Wldp.dll
0x00007ffe8bc50000 - 0x00007ffe8bcfe000 	C:\WINDOWS\System32\SHCORE.dll
0x00007ffe8c160000 - 0x00007ffe8c1b5000 	C:\WINDOWS\System32\shlwapi.dll
0x00007ffe8a850000 - 0x00007ffe8a86f000 	C:\WINDOWS\SYSTEM32\profapi.dll
0x00007ffe80800000 - 0x00007ffe80819000 	C:\Users\jonjo\Documents\Java\bin\net.dll
0x00007ffe80ca0000 - 0x00007ffe80dac000 	C:\WINDOWS\SYSTEM32\WINHTTP.dll
0x00007ffe8a100000 - 0x00007ffe8a16a000 	C:\WINDOWS\system32\mswsock.dll
0x00007ffe75870000 - 0x00007ffe75882000 	C:\Users\jonjo\Documents\Java\bin\nio.dll
0x00007ffe740a0000 - 0x00007ffe740b8000 	C:\Users\jonjo\Documents\Java\bin\zip.dll
0x00007ffe58a70000 - 0x00007ffe58bf0000 	C:\Users\jonjo\Documents\Java\bin\awt.dll
0x00007ffe8ce40000 - 0x00007ffe8cf0d000 	C:\WINDOWS\System32\OLEAUT32.dll
0x00007ffe87a50000 - 0x00007ffe87ae0000 	C:\WINDOWS\SYSTEM32\apphelp.dll
0x00007ffe87df0000 - 0x00007ffe87e1f000 	C:\WINDOWS\system32\DWMAPI.DLL
0x00007ffe87be0000 - 0x00007ffe87c7e000 	C:\WINDOWS\system32\uxtheme.dll
0x00007ffe42360000 - 0x00007ffe42486000 	C:\WINDOWS\system32\opengl32.dll
0x00007ffe42270000 - 0x00007ffe4229c000 	C:\WINDOWS\SYSTEM32\GLU32.dll
0x00007ffe8cf20000 - 0x00007ffe8d035000 	C:\WINDOWS\System32\MSCTF.dll
0x00007ffe8c320000 - 0x00007ffe8c44a000 	C:\WINDOWS\System32\ole32.dll
0x00007ffe8a500000 - 0x00007ffe8a512000 	C:\WINDOWS\SYSTEM32\msasn1.dll
0x00007ffe83ce0000 - 0x00007ffe83d11000 	C:\WINDOWS\SYSTEM32\cryptnet.dll
0x00007ffe8ae60000 - 0x00007ffe8afbf000 	C:\WINDOWS\System32\CRYPT32.dll
0x00007ffe8a2f0000 - 0x00007ffe8a2fc000 	C:\WINDOWS\SYSTEM32\cryptbase.dll
0x00007ffe8a910000 - 0x00007ffe8a970000 	C:\WINDOWS\System32\WINTRUST.DLL
0x00007ffe8bdc0000 - 0x00007ffe8bddd000 	C:\WINDOWS\System32\imagehlp.dll
0x00007ffe8a2d0000 - 0x00007ffe8a2e8000 	C:\WINDOWS\SYSTEM32\CRYPTSP.dll
0x00007ffe89a30000 - 0x00007ffe89a64000 	C:\WINDOWS\system32\rsaenh.dll
0x00007ffe8aa80000 - 0x00007ffe8aaa7000 	C:\WINDOWS\System32\bcrypt.dll
0x00007ffe37a90000 - 0x00007ffe37d47000 	C:\WINDOWS\system32\nvspcap64.dll
0x00007ffe89660000 - 0x00007ffe89693000 	C:\WINDOWS\SYSTEM32\ntmarta.dll
0x00007ffe89230000 - 0x00007ffe89253000 	C:\WINDOWS\SYSTEM32\gpapi.dll
0x00007ffe85320000 - 0x00007ffe8535b000 	C:\WINDOWS\SYSTEM32\dxcore.dll
0x00007ffe8afc0000 - 0x00007ffe8b00e000 	C:\WINDOWS\System32\cfgmgr32.dll
0x00007ffe82230000 - 0x00007ffe82240000 	C:\Users\jonjo\Documents\Java\bin\verify.dll
0x00007ffe73e40000 - 0x00007ffe73e6d000 	C:\Users\jonjo\Documents\Java\bin\javajpeg.dll
0x00007ffe68a30000 - 0x00007ffe68ab5000 	C:\Users\jonjo\Documents\Java\bin\freetype.dll
0x00007ffe67cf0000 - 0x00007ffe67d99000 	C:\Users\jonjo\Documents\Java\bin\fontmanager.dll
0x00007ffe804b0000 - 0x00007ffe805ab000 	C:\WINDOWS\SYSTEM32\textinputframework.dll
0x00007ffe87060000 - 0x00007ffe873be000 	C:\WINDOWS\System32\CoreUIComponents.dll
0x00007ffe87740000 - 0x00007ffe87832000 	C:\WINDOWS\System32\CoreMessaging.dll
0x00007ffe86080000 - 0x00007ffe861d4000 	C:\WINDOWS\SYSTEM32\wintypes.dll

dbghelp: loaded successfully - version: 4.0.5 - missing functions: none
symbol engine: initialized successfully - sym options: 0x614 - pdb path: .;C:\Users\jonjo\Documents\Java\bin;C:\WINDOWS\SYSTEM32;C:\Program Files\AVG\Antivirus;C:\WINDOWS\WinSxS\amd64_microsoft.windows.common-controls_6595b64144ccf1df_6.0.19041.844_none_ca00b6081b84eb1d;C:\Users\jonjo\Documents\Java\bin\server;C:\WINDOWS\System32\DriverStore\FileRepository\nv_dispi.inf_amd64_1c83a5d7cffd7bff

VM Arguments:
jvm_args: -Dfile.encoding=Cp1252 
java_command: slideshow.SlideshowPlayer
java_class_path (initial): C:\Users\jonjo\Desktop\School\CS-499-SlideshowMaker\SlideshowMaker\out\production\SlideshowMaker;C:\Users\jonjo\Desktop\School\CS-499-SlideshowMaker\SlideshowMaker\lib\json-simple-1.1.jar;C:\Users\jonjo\.p2\pool\plugins\org.junit.jupiter.api_5.3.1.v20181005-1442.jar;C:\Users\jonjo\.p2\pool\plugins\org.junit.jupiter.engine_5.3.1.v20181005-1442.jar;C:\Users\jonjo\.p2\pool\plugins\org.junit.jupiter.migrationsupport_5.3.1.v20181005-1442.jar;C:\Users\jonjo\.p2\pool\plugins\org.junit.jupiter.params_5.3.1.v20181005-1442.jar;C:\Users\jonjo\.p2\pool\plugins\org.junit.platform.commons_1.3.1.v20181005-1442.jar;C:\Users\jonjo\.p2\pool\plugins\org.junit.platform.engine_1.3.1.v20181005-1442.jar;C:\Users\jonjo\.p2\pool\plugins\org.junit.platform.launcher_1.3.1.v20181005-1442.jar;C:\Users\jonjo\.p2\pool\plugins\org.junit.platform.runner_1.3.1.v20181005-1442.jar;C:\Users\jonjo\.p2\pool\plugins\org.junit.platform.suite.api_1.3.1.v20181005-1442.jar;C:\Users\jonjo\.p2\pool\plugins\org.junit.vintage.engine_5.3.1.v20181005-1442.jar;C:\Users\jonjo\.p2\pool\plugins\org.opentest4j_1.1.1.v20181005-1442.jar;C:\Users\jonjo\.p2\pool\plugins\org.apiguardian_1.0.0.v20181005-1442.jar;C:\Users\jonjo\.p2\pool\plugins\org.junit_4.12.0.v201504281640\junit.jar;C:\Users\jonjo\.p2\pool\plugins\org.hamcrest.core_1.3.0.v20180420-1519.jar
Launcher Type: SUN_STANDARD

[Global flags]
     intx CICompilerCount                          = 12                                        {product} {ergonomic}
     uint ConcGCThreads                            = 3                                         {product} {ergonomic}
     uint G1ConcRefinementThreads                  = 13                                        {product} {ergonomic}
   size_t G1HeapRegionSize                         = 2097152                                   {product} {ergonomic}
    uintx GCDrainStackTargetSize                   = 64                                        {product} {ergonomic}
   size_t InitialHeapSize                          = 268435456                                 {product} {ergonomic}
   size_t MarkStackSize                            = 4194304                                   {product} {ergonomic}
   size_t MaxHeapSize                              = 4278190080                                {product} {ergonomic}
   size_t MaxNewSize                               = 2566914048                                {product} {ergonomic}
   size_t MinHeapDeltaBytes                        = 2097152                                   {product} {ergonomic}
   size_t MinHeapSize                              = 8388608                                   {product} {ergonomic}
    uintx NonNMethodCodeHeapSize                   = 7602480                                {pd product} {ergonomic}
    uintx NonProfiledCodeHeapSize                  = 122027880                              {pd product} {ergonomic}
    uintx ProfiledCodeHeapSize                     = 122027880                              {pd product} {ergonomic}
    uintx ReservedCodeCacheSize                    = 251658240                              {pd product} {ergonomic}
     bool SegmentedCodeCache                       = true                                      {product} {ergonomic}
   size_t SoftMaxHeapSize                          = 4278190080                             {manageable} {ergonomic}
     bool UseCompressedClassPointers               = true                                 {lp64_product} {ergonomic}
     bool UseCompressedOops                        = true                                 {lp64_product} {ergonomic}
     bool UseG1GC                                  = true                                      {product} {ergonomic}
     bool UseLargePagesIndividualAllocation        = false                                  {pd product} {ergonomic}

Logging:
Log output configuration:
 #0: stdout all=warning uptime,level,tags
 #1: stderr all=off uptime,level,tags

Environment Variables:
PATH=C:/Program Files/Java/jre1.8.0_191/bin/server;C:/Program Files/Java/jre1.8.0_191/bin;C:/Program Files/Java/jre1.8.0_191/lib/amd64;C:\Program Files\Common Files\Oracle\Java\javapath;C:\Program Files (x86)\Common Files\Oracle\Java\javapath;C:\Windows\system32;C:\Windows;C:\Windows\System32\Wbem;C:\Windows\System32\WindowsPowerShell\v1.0\;C:\Windows\System32\OpenSSH\;C:\Program Files\dotnet\;C:\Users\jonjo\.dnx\bin;C:\Program Files\Microsoft DNX\Dnvm\;C:\Program Files\Microsoft SQL Server\130\Tools\Binn\;C:\Program Files\nodejs\;C:\Program Files (x86)\NVIDIA Corporation\PhysX\Common;C:\Program Files\NVIDIA Corporation\NVIDIA NvDLISR;C:\WINDOWS\system32;C:\WINDOWS;C:\WINDOWS\System32\Wbem;C:\WINDOWS\System32\WindowsPowerShell\v1.0\;C:\WINDOWS\System32\OpenSSH\;C:\Program Files\Go\bin;C:\Program Files\Git\cmd;C:\Users\jonjo\AppData\Local\Programs\Python\Python38\Scripts\;C:\Users\jonjo\AppData\Local\Programs\Python\Python38\;C:\Users\jonjo\AppData\Local\Microsoft\WindowsApps;C:\Program Files (x86)\SSH Communications Security\SSH Secure Shell;C:\Users\jonjo\AppData\Roaming\npm;C:\Users\jonjo\go\bin;C:\Users\jonjo\AppData\Local\atom\bin;%USERPROFILE%\AppData\Local\Microsoft\WindowsApps;;C:\WINDOWS\system32;
USERNAME=jonjo
OS=Windows_NT
PROCESSOR_IDENTIFIER=AMD64 Family 23 Model 8 Stepping 2, AuthenticAMD



---------------  S Y S T E M  ---------------

OS:
 Windows 10 , 64 bit Build 19041 (10.0.19041.804)
OS uptime: 0 days 23:26 hours

CPU: total 16 (initial active 16) (16 cores per cpu, 2 threads per core) family 23 model 8 stepping 2 microcode 0x0, cmov, cx8, fxsr, mmx, sse, sse2, sse3, ssse3, sse4.1, sse4.2, popcnt, vzeroupper, avx, avx2, aes, clmul, 3dnowpref, lzcnt, sse4a, ht, tsc, tscinvbit, tscinv, bmi1, bmi2, adx, sha, fma, clflush, clflushopt

Memory: 4k page, system-wide physical 16316M (7803M free)
TotalPageFile size 28092M (AvailPageFile size 14049M)
current process WorkingSet (physical memory assigned to process): 95M, peak: 110M
current process commit charge ("private bytes"): 396M, peak: 409M

vm_info: Java HotSpot(TM) 64-Bit Server VM (15.0.2+7-27) for windows-amd64 JRE (15.0.2+7-27), built on Dec  7 2020 20:07:01 by "mach5one" with unknown MS VC++:1925

END.
